#separator \x09
#set_separator	,
#empty_field	(empty)
#unset_field	-
#path	ocsp
#open	2025-09-17-22-48-19
#fields	ts	id	hashAlgorithm	issuerNameHash	issuerKeyHash	serialNumber	certStatus	revoketime	revokereason	thisUpdate	nextUpdate
#types	time	string	string	string	string	string	string	time	string	time	time
1758129496.762390	FdTh2620om3m9M1bnc	sha1	CEE0C8B7FFEF2E788978781CBA5199C276C0FEFB	5055AB43A1AFA9482B5AC1A2878904E47A0ECADA	396F12F915ED3560575462A0889D7C51	good	-	-	1758112274.000000	1758169873.000000
1758129496.762393	FVQBf3uCXF7vlPBwf	sha1	CEE0C8B7FFEF2E788978781CBA5199C276C0FEFB	5055AB43A1AFA9482B5AC1A2878904E47A0ECADA	396F12F915ED3560575462A0889D7C51	good	-	-	1758112274.000000	1758169873.000000
1758129497.552203	FnXyV91nQTaX0YdRe5	sha1	CEE0C8B7FFEF2E788978781CBA5199C276C0FEFB	5055AB43A1AFA9482B5AC1A2878904E47A0ECADA	396F12F915ED3560575462A0889D7C51	good	-	-	1758112274.000000	1758169873.000000
1758130213.039963	F5HX7T1Dbqgu3rRj2a	sha1	7624DB6BD09C44BD8C92A5BC8159AA8199E6A50A	CE15163BEA02A3A66BDAD92BFDE58C52BE7A50A8	3301D981E5F45868790BA5E852000001D981E5	good	-	-	1757470389.000000	1758162789.000000
1758130214.991680	FazEhC1rWHlKRfi8g2	sha1	CEE0C8B7FFEF2E788978781CBA5199C276C0FEFB	5055AB43A1AFA9482B5AC1A2878904E47A0ECADA	396F12F915ED3560575462A0889D7C51	good	-	-	1758104894.000000	1758162493.000000
1758131434.762174	F2elJJ2cg8eh5fNkR5	sha1	CEE0C8B7FFEF2E788978781CBA5199C276C0FEFB	5055AB43A1AFA9482B5AC1A2878904E47A0ECADA	396F12F915ED3560575462A0889D7C51	good	-	-	1758112274.000000	1758169873.000000
1758131435.252754	FkkCHa4hgbZlvBPdk	sha1	CEE0C8B7FFEF2E788978781CBA5199C276C0FEFB	5055AB43A1AFA9482B5AC1A2878904E47A0ECADA	396F12F915ED3560575462A0889D7C51	good	-	-	1758112274.000000	1758169873.000000
1758131435.265832	FhH1qBa4K8tOLoh6j	sha1	CEE0C8B7FFEF2E788978781CBA5199C276C0FEFB	5055AB43A1AFA9482B5AC1A2878904E47A0ECADA	396F12F915ED3560575462A0889D7C51	good	-	-	1758112274.000000	1758169873.000000
1758131806.607563	FSs97bLQkDpoEDiDi	sha1	CEE0C8B7FFEF2E788978781CBA5199C276C0FEFB	5055AB43A1AFA9482B5AC1A2878904E47A0ECADA	396F12F915ED3560575462A0889D7C51	good	-	-	1758104894.000000	1758162493.000000
1758131885.429129	FNAh3q44e7ZKoLRTc1	sha1	DFAA12E328B1094193E29F4282CE4740429558A3	B13EC36903F8BF4701D498261A0802EF63642BC3	0C79A944B08C11952092615FE26B1D83	good	-	-	1757961304.000000	1758566104.000000
1758132005.631668	Fv0RiS2TF7yhxYNhdb	sha1	49F4BD8A18BF760698C5DE402D683B716AE4E686	3DD350A5D6A0ADEEF34A600A65D321D4F8F8D60F	03638EE918601495BE3D971C325E65F4	good	-	-	1758079996.000000	1758681196.000000
1758132006.420126	FFcTCa2R5WCOQWyRM8	sha1	49F4BD8A18BF760698C5DE402D683B716AE4E686	3DD350A5D6A0ADEEF34A600A65D321D4F8F8D60F	059B4F9837C8FEBCB94F3F73DE8CACBB	good	-	-	1758092580.000000	1758693780.000000
1758132161.968518	FBT3VZ2y4SywwP0dK9	sha1	CEE0C8B7FFEF2E788978781CBA5199C276C0FEFB	5055AB43A1AFA9482B5AC1A2878904E47A0ECADA	396F12F915ED3560575462A0889D7C51	good	-	-	1758104894.000000	1758162493.000000
